<?xml version="1.0" encoding="UTF-8"?>
<!-- Generated by org.testng.reporters.JUnitReportReporter -->
<testsuite skipped="0" hostname="amiteshs-MacBook-Air.local" name="com.CiviCrm.Practice.NewMailling" tests="2" failures="0" timestamp="10 Sep 2018 11:54:39 GMT" time="31.581" errors="0">
  <testcase name="createMail" time="25.353" classname="com.CiviCrm.Practice.NewMailling"/>
  <testcase name="login" time="6.228" classname="com.CiviCrm.Practice.NewMailling"/>
</testsuite> <!-- com.CiviCrm.Practice.NewMailling -->
