<?xml version="1.0" encoding="UTF-8"?>
<!-- Generated by org.testng.reporters.JUnitReportReporter -->
<testsuite skipped="0" hostname="amiteshs-MacBook-Air.local" name="com.CiviCrm.Practice.NewStudentContact" tests="2" failures="0" timestamp="06 Aug 2018 09:21:46 GMT" time="23.717" errors="0">
  <testcase name="loginInSite" time="10.063" classname="com.CiviCrm.Practice.NewStudentContact"/>
  <testcase name="createNewStudent" time="13.654" classname="com.CiviCrm.Practice.NewStudentContact"/>
</testsuite> <!-- com.CiviCrm.Practice.NewStudentContact -->
