<?xml version="1.0" encoding="UTF-8"?>
<!-- Generated by org.testng.reporters.JUnitReportReporter -->
<testsuite skipped="0" hostname="amiteshs-MacBook-Air.local" name="com.CiviCrm.Practice.Login" tests="1" failures="0" timestamp="06 Aug 2018 18:39:03 GMT" time="9.420" errors="0">
  <testcase name="loggingIn" time="9.420" classname="com.CiviCrm.Practice.Login"/>
</testsuite> <!-- com.CiviCrm.Practice.Login -->
